<?xml version="1.0" encoding="UTF-8"?>
<!-- Generated by org.testng.reporters.JUnitXMLReporter -->
<testsuite ignored="0" hostname="Collab" failures="0" tests="10" name="Default test" time="0.094" errors="0" timestamp="2025-04-21T23:33:05 IST">
  <testcase classname="JenkinsTest.Jenkins.JenkinsTest" name="Test1" time="0.009"/>
  <testcase classname="JenkinsTest.Jenkins.JenkinsTest" name="Test2" time="0.002"/>
  <testcase classname="JenkinsTest.Jenkins.JenkinsTest" name="Test3" time="0.001"/>
  <testcase classname="JenkinsTest.Jenkins.JenkinsTest" name="Test4" time="0.002"/>
  <testcase classname="JenkinsTest.Jenkins.JenkinsTest" name="Test5" time="0.001"/>
  <testcase classname="JenkinsTest.Jenkins.JenkinsTest" name="Test6" time="0.002"/>
  <testcase classname="JenkinsTest.Jenkins.JenkinsTest" name="Test7" time="0.001"/>
  <testcase classname="JenkinsTest.Jenkins.JenkinsTest" name="Test8" time="0.002"/>
  <testcase classname="JenkinsTest.Jenkins.JenkinsTest" name="Test9" time="0.001"/>
  <testcase classname="JenkinsTest.Jenkins.JenkinsTest" name="Test10" time="0.001"/>
</testsuite> <!-- Default test -->
